0 info it worked if it ends with ok
1 verbose cli [ 'C:\\Program Files\\nodejs\\node.exe',
1 verbose cli   'C:\\Program Files\\nodejs\\node_modules\\npm\\bin\\npm-cli.js',
1 verbose cli   'run',
1 verbose cli   'start',
1 verbose cli   '--scripts-prepend-node-path=auto' ]
2 info using npm@3.10.10
3 info using node@v6.11.2
4 verbose run-script [ 'prestart', 'start', 'poststart' ]
5 info lifecycle pixelshop@0.4.0~prestart: pixelshop@0.4.0
6 silly lifecycle pixelshop@0.4.0~prestart: no script for prestart, continuing
7 info lifecycle pixelshop@0.4.0~start: pixelshop@0.4.0
8 verbose lifecycle pixelshop@0.4.0~start: unsafe-perm in lifecycle true
9 verbose lifecycle pixelshop@0.4.0~start: PATH: C:\Program Files\nodejs\node_modules\npm\bin\node-gyp-bin;C:\Users\vimcaw\Documents\GitHub\pixelshop\node_modules\.bin;C:\ProgramData\Oracle\Java\javapath;C:\WINDOWS\system32;C:\WINDOWS;C:\WINDOWS\System32\Wbem;C:\WINDOWS\System32\WindowsPowerShell\v1.0\;C:\Program Files\MacType;C:\Program Files\Git\cmd;C:\Program Files (x86)\NVIDIA Corporation\PhysX\Common;C:\Program Files\nodejs\;C:\Users\vimcaw\AppData\Local\Microsoft\WindowsApps;C:\Program Files\Bandizip\;C:\Users\vimcaw\AppData\Local\atom\bin;C:\Program Files\Microsoft VS Code\bin;C:\Users\vimcaw\AppData\Roaming\npm
10 verbose lifecycle pixelshop@0.4.0~start: CWD: C:\Users\vimcaw\Documents\GitHub\pixelshop
11 silly lifecycle pixelshop@0.4.0~start: Args: [ '/d /s /c', 'webpack-dev-server --hot --inline --port 3003' ]
12 silly lifecycle pixelshop@0.4.0~start: Returned: code: 1073807364  signal: null
13 info lifecycle pixelshop@0.4.0~start: Failed to exec start script
14 verbose stack Error: pixelshop@0.4.0 start: `webpack-dev-server --hot --inline --port 3003`
14 verbose stack Exit status 1073807364
14 verbose stack     at EventEmitter.<anonymous> (C:\Program Files\nodejs\node_modules\npm\lib\utils\lifecycle.js:255:16)
14 verbose stack     at emitTwo (events.js:106:13)
14 verbose stack     at EventEmitter.emit (events.js:191:7)
14 verbose stack     at ChildProcess.<anonymous> (C:\Program Files\nodejs\node_modules\npm\lib\utils\spawn.js:40:14)
14 verbose stack     at emitTwo (events.js:106:13)
14 verbose stack     at ChildProcess.emit (events.js:191:7)
14 verbose stack     at maybeClose (internal/child_process.js:891:16)
14 verbose stack     at Process.ChildProcess._handle.onexit (internal/child_process.js:226:5)
15 verbose pkgid pixelshop@0.4.0
16 verbose cwd C:\Users\vimcaw\Documents\GitHub\pixelshop
17 error Windows_NT 10.0.15063
18 error argv "C:\\Program Files\\nodejs\\node.exe" "C:\\Program Files\\nodejs\\node_modules\\npm\\bin\\npm-cli.js" "run" "start" "--scripts-prepend-node-path=auto"
19 error node v6.11.2
20 error npm  v3.10.10
21 error code ELIFECYCLE
22 error pixelshop@0.4.0 start: `webpack-dev-server --hot --inline --port 3003`
22 error Exit status 1073807364
23 error Failed at the pixelshop@0.4.0 start script 'webpack-dev-server --hot --inline --port 3003'.
23 error Make sure you have the latest version of node.js and npm installed.
23 error If you do, this is most likely a problem with the pixelshop package,
23 error not with npm itself.
23 error Tell the author that this fails on your system:
23 error     webpack-dev-server --hot --inline --port 3003
23 error You can get information on how to open an issue for this project with:
23 error     npm bugs pixelshop
23 error Or if that isn't available, you can get their info via:
23 error     npm owner ls pixelshop
23 error There is likely additional logging output above.
24 verbose exit [ 1, true ]
